<?xml version="1.0" encoding="UTF-8"?>
<!-- Generated by org.testng.reporters.JUnitXMLReporter -->
<testsuite hostname="DESKTOP-Q0ST5PO" name="Default test" tests="4" failures="0" timestamp="1 Jun 2019 16:56:26 GMT" time="0.273" errors="0">
  <testcase name="deleteProduct" time="0.017" classname="com.oplungdienthoai.service.ProductServiceImplTest"/>
  <testcase name="findAllProduct" time="0.006" classname="com.oplungdienthoai.service.ProductServiceImplTest"/>
  <testcase name="findById" time="0.005" classname="com.oplungdienthoai.service.ProductServiceImplTest"/>
  <testcase name="updateProduct" time="0.002" classname="com.oplungdienthoai.service.ProductServiceImplTest"/>
</testsuite> <!-- Default test -->
